0 info it worked if it ends with ok
1 verbose cli [ 'D:\\nodeJS\\\\node.exe',
1 verbose cli   'D:\\nodeJS\\node_modules\\npm\\bin\\npm-cli.js',
1 verbose cli   'run',
1 verbose cli   'tsc:w' ]
2 info using npm@1.3.24
3 info using node@v0.10.25
4 verbose node symlink D:\nodeJS\\node.exe
5 verbose run-script [ 'pretsc:w', 'tsc:w', 'posttsc:w' ]
6 info pretsc:w angular2-quickstart@1.0.0
7 info tsc:w angular2-quickstart@1.0.0
8 verbose unsafe-perm in lifecycle true
9 info angular2-quickstart@1.0.0 Failed to exec tsc:w script
10 error angular2-quickstart@1.0.0 tsc:w: `tsc -w`
10 error Exit status -1073741510
11 error Failed at the angular2-quickstart@1.0.0 tsc:w script.
11 error This is most likely a problem with the angular2-quickstart package,
11 error not with npm itself.
11 error Tell the author that this fails on your system:
11 error     tsc -w
11 error You can get their info via:
11 error     npm owner ls angular2-quickstart
11 error There is likely additional logging output above.
12 error System Windows_NT 6.1.7601
13 error command "D:\\nodeJS\\\\node.exe" "D:\\nodeJS\\node_modules\\npm\\bin\\npm-cli.js" "run" "tsc:w"
14 error cwd D:\www\test_projects\angular2-rabbitmq-test-app
15 error node -v v0.10.25
16 error npm -v 1.3.24
17 error code ELIFECYCLE
18 verbose exit [ 1, true ]
